#
# A fatal error has been detected by the Java Runtime Environment:
#
#  Internal Error (javaClasses.cpp:136), pid=5288, tid=13664
#  fatal error: Invalid layout of preloaded class
#
# JRE version:  (7.0_45-b18) (build )
# Java VM: Java HotSpot(TM) 64-Bit Server VM (24.45-b08 mixed mode windows-amd64 compressed oops)
# Failed to write core dump. Minidumps are not enabled by default on client versions of Windows
#
# If you would like to submit a bug report, please visit:
#   http://bugreport.sun.com/bugreport/crash.jsp
#

---------------  T H R E A D  ---------------

Current thread (0x0000000001fbd800):  JavaThread "Unknown thread" [_thread_in_vm, id=13664, stack(0x0000000001de0000,0x0000000001ee0000)]

Stack: [0x0000000001de0000,0x0000000001ee0000]

---------------  P R O C E S S  ---------------

Java Threads: ( => current thread )

Other Threads:

=>0x0000000001fbd800 (exited) JavaThread "Unknown thread" [_thread_in_vm, id=13664, stack(0x0000000001de0000,0x0000000001ee0000)]

VM state:not at safepoint (not fully initialized)

VM Mutex/Monitor currently owned by a thread: None

GC Heap History (0 events):
No events

Deoptimization events (0 events):
No events

Internal exceptions (0 events):
No events

Events (10 events):
Event: 0.006 loading class 0x0000000002005430 done
Event: 0.006 loading class 0x0000000002004e50 done
Event: 0.006 loading class 0x0000000002004e30
Event: 0.006 loading class 0x000000000200cf30
Event: 0.007 loading class 0x000000000200cf30 done
Event: 0.007 loading class 0x000000000200cf60
Event: 0.007 loading class 0x000000000200cf60 done
Event: 0.007 loading class 0x000000000200cf90
Event: 0.007 loading class 0x000000000200cf90 done
Event: 0.007 loading class 0x0000000002004e30 done


Dynamic libraries:
0x00007ff749dd0000 - 0x00007ff749e03000 	C:\Program Files\Java\jre7\bin\javaw.exe
0x00007ffae0160000 - 0x00007ffae0309000 	C:\WINDOWS\SYSTEM32\ntdll.dll
0x00007ffade740000 - 0x00007ffade879000 	C:\WINDOWS\system32\KERNEL32.DLL
0x00007ffadd8e0000 - 0x00007ffadd9ee000 	C:\WINDOWS\system32\KERNELBASE.dll
0x00007ffadc040000 - 0x00007ffadc0cb000 	C:\WINDOWS\system32\apphelp.dll
0x00007fface560000 - 0x00007fface5ac000 	C:\WINDOWS\AppPatch\AppPatch64\AcGenral.DLL
0x00007ffadfff0000 - 0x00007ffae0097000 	C:\WINDOWS\system32\msvcrt.dll
0x00007ffadd390000 - 0x00007ffadd3bb000 	C:\WINDOWS\SYSTEM32\SspiCli.dll
0x00007ffade600000 - 0x00007ffade651000 	C:\WINDOWS\system32\SHLWAPI.dll
0x00007ffade880000 - 0x00007ffade9f1000 	C:\WINDOWS\system32\USER32.dll
0x00007ffadd9f0000 - 0x00007ffaddb66000 	C:\WINDOWS\system32\ole32.dll
0x00007ffadebe0000 - 0x00007ffadffef000 	C:\WINDOWS\system32\SHELL32.dll
0x00007ffadcb70000 - 0x00007ffadcb8f000 	C:\WINDOWS\SYSTEM32\USERENV.dll
0x00007ffae00a0000 - 0x00007ffae0145000 	C:\WINDOWS\system32\ADVAPI32.dll
0x00007ffad88f0000 - 0x00007ffad890b000 	C:\WINDOWS\SYSTEM32\MPR.dll
0x00007ffaddff0000 - 0x00007ffade126000 	C:\WINDOWS\system32\RPCRT4.dll
0x00007ffade320000 - 0x00007ffade377000 	C:\WINDOWS\SYSTEM32\sechost.dll
0x00007ffade130000 - 0x00007ffade307000 	C:\WINDOWS\SYSTEM32\combase.dll
0x00007ffaddd10000 - 0x00007ffadde55000 	C:\WINDOWS\system32\GDI32.dll
0x00007ffadd4e0000 - 0x00007ffadd4f4000 	C:\WINDOWS\SYSTEM32\profapi.dll
0x00007ffadc0d0000 - 0x00007ffadc171000 	C:\WINDOWS\SYSTEM32\SHCORE.dll
0x00007ffade380000 - 0x00007ffade3b4000 	C:\WINDOWS\system32\IMM32.DLL
0x00007ffade4c0000 - 0x00007ffade5f8000 	C:\WINDOWS\system32\MSCTF.dll
0x00007ffadb590000 - 0x00007ffadb7ea000 	C:\WINDOWS\WinSxS\amd64_microsoft.windows.common-controls_6595b64144ccf1df_6.0.9600.16384_none_62475f7becb72503\COMCTL32.dll
0x0000000054d90000 - 0x0000000054e62000 	C:\Program Files\Java\jre7\bin\msvcr100.dll
0x00000000545c0000 - 0x0000000054d89000 	C:\Program Files\Java\jre7\bin\server\jvm.dll
0x00007ffad9790000 - 0x00007ffad9799000 	C:\WINDOWS\SYSTEM32\WSOCK32.dll
0x00007ffad9b30000 - 0x00007ffad9b4f000 	C:\WINDOWS\SYSTEM32\WINMM.dll
0x00007ffae0150000 - 0x00007ffae0157000 	C:\WINDOWS\system32\PSAPI.DLL
0x00007ffade6e0000 - 0x00007ffade738000 	C:\WINDOWS\system32\WS2_32.dll
0x00007ffad9a90000 - 0x00007ffad9aba000 	C:\WINDOWS\SYSTEM32\WINMMBASE.dll
0x00007ffaddfd0000 - 0x00007ffaddfd9000 	C:\WINDOWS\system32\NSI.dll
0x00007ffadd890000 - 0x00007ffadd8da000 	C:\WINDOWS\SYSTEM32\cfgmgr32.dll
0x00007ffadc390000 - 0x00007ffadc3b6000 	C:\WINDOWS\SYSTEM32\DEVOBJ.dll
0x00000000545b0000 - 0x00000000545bf000 	C:\Program Files\Java\jre7\bin\verify.dll
0x0000000054580000 - 0x00000000545a8000 	C:\Program Files\Java\jre7\bin\java.dll
0x0000000054560000 - 0x0000000054575000 	C:\Program Files\Java\jre7\bin\zip.dll

VM Arguments:
jvm_args: -Dfile.encoding=Cp1253 -Xbootclasspath:C:\Users\George\AppData\Local\Android\android-sdk\platforms\android-19\android.jar 
java_command: org.eclipse.jdt.internal.junit.runner.RemoteTestRunner -version 3 -port 55410 -testLoaderClass org.eclipse.jdt.internal.junit.runner.junit3.JUnit3TestLoader -loaderpluginname org.eclipse.jdt.junit.runtime -classNames com.example.clientalphaprototype.tests.HttpRequestTesting
Launcher Type: SUN_STANDARD

Environment Variables:
PATH=C:\Program Files (x86)\NVIDIA Corporation\PhysX\Common;C:\WINDOWS\system32;C:\WINDOWS;C:\WINDOWS\System32\Wbem;C:\WINDOWS\System32\WindowsPowerShell\v1.0\;c:\Program Files (x86)\Microsoft SQL Server\100\Tools\Binn\;c:\Program Files\Microsoft SQL Server\100\Tools\Binn\;c:\Program Files\Microsoft SQL Server\100\DTS\Binn\;C:\Program Files\Microsoft\Web Platform Installer\;C:\Program Files (x86)\Microsoft ASP.NET\ASP.NET Web Pages\v1.0\;C:\Program Files\Microsoft SQL Server\110\Tools\Binn\;C:\Program Files\MATLAB\R2010a\runtime\win64;C:\Program Files\MATLAB\R2010a\bin;C:\Program Files (x86)\GtkSharp\2.12\bin;C:\Program Files (x86)\Windows Kits\8.1\Windows Performance Toolkit\
USERNAME=George
OS=Windows_NT
PROCESSOR_IDENTIFIER=Intel64 Family 6 Model 58 Stepping 9, GenuineIntel



---------------  S Y S T E M  ---------------

OS: Windows 8 , 64 bit Build 9200 

CPU:total 4 (4 cores per cpu, 1 threads per core) family 6 model 58 stepping 9, cmov, cx8, fxsr, mmx, sse, sse2, sse3, ssse3, sse4.1, sse4.2, popcnt, avx, aes, erms, tsc, tscinvbit, tscinv

Memory: 4k page, physical 8348908k(3826324k free), swap 9659628k(3027756k free)

vm_info: Java HotSpot(TM) 64-Bit Server VM (24.45-b08) for windows-amd64 JRE (1.7.0_45-b18), built on Oct  8 2013 05:47:22 by "java_re" with unknown MS VC++:1600

time: Sat Dec 07 03:44:24 2013
elapsed time: 0 seconds

